TN:
SF:/Users/trantho/Code/SmartContract/digital-contracts/src/contracts/BBFreelancer.sol
FN:15,jobNotExist
FN:19,isFreelancerOfJob
FN:23,isNotOwnerJob
FN:31,isOwnerJob
FN:36,jobNotStarted
FN:40,isNotCanceled
FNF:6
FNH:6
FNDA:19,jobNotExist
FNDA:17,isFreelancerOfJob
FNDA:27,isNotOwnerJob
FNDA:10,isOwnerJob
FNDA:23,jobNotStarted
FNDA:23,isNotCanceled
DA:16,19
DA:17,18
DA:20,17
DA:21,13
DA:24,27
DA:26,27
DA:28,27
DA:29,24
DA:32,10
DA:33,10
DA:37,23
DA:38,23
DA:41,23
DA:42,23
LF:14
LH:14
BRDA:16,1,0,18
BRDA:16,1,1,1
BRDA:20,2,0,13
BRDA:20,2,1,4
BRDA:26,3,0,27
BRDA:26,3,1,0
BRDA:28,4,0,24
BRDA:28,4,1,3
BRDA:32,5,0,10
BRDA:32,5,1,0
BRDA:37,6,0,23
BRDA:37,6,1,0
BRDA:41,7,0,23
BRDA:41,7,1,0
BRF:14
BRH:10
end_of_record
TN:
SF:/Users/trantho/Code/SmartContract/digital-contracts/src/contracts/BBFreelancerBid.sol
FN:21,setPaymentContract
FN:27,getPaymentContract
FN:42,createBid
FN:79,cancelBid
FN:97,acceptBid
FNF:5
FNH:5
FNDA:3,setPaymentContract
FNDA:1,getPaymentContract
FNDA:15,createBid
FNDA:2,cancelBid
FNDA:10,acceptBid
DA:22,3
DA:28,1
DA:49,15
DA:51,14
DA:53,14
DA:55,13
DA:57,13
DA:59,13
DA:61,13
DA:62,13
DA:65,13
DA:67,13
DA:69,13
DA:80,2
DA:83,1
DA:85,1
DA:86,1
DA:87,1
DA:99,10
DA:100,9
DA:101,9
DA:103,9
DA:104,9
DA:105,9
DA:106,9
LF:25
LH:25
BRDA:49,1,0,14
BRDA:49,1,1,1
BRDA:51,2,0,14
BRDA:51,2,1,0
BRDA:53,3,0,13
BRDA:53,3,1,1
BRDA:55,4,0,13
BRDA:55,4,1,0
BRDA:57,5,0,13
BRDA:57,5,1,0
BRDA:80,6,0,1
BRDA:80,6,1,1
BRDA:83,7,0,1
BRDA:83,7,1,0
BRDA:99,8,0,9
BRDA:99,8,1,1
BRDA:100,9,0,9
BRDA:100,9,1,0
BRDA:101,10,0,9
BRDA:101,10,1,0
BRDA:105,11,0,9
BRDA:105,11,1,0
BRF:22
BRH:15
end_of_record
TN:
SF:/Users/trantho/Code/SmartContract/digital-contracts/src/contracts/BBFreelancerJob.sol
FN:24,getJob
FN:44,createJob
FN:73,cancelJob
FN:93,startJob
FN:108,finishJob
FNF:5
FNH:5
FNDA:1,getJob
FNDA:18,createJob
FNDA:5,cancelJob
FNDA:6,startJob
FNDA:6,finishJob
DA:25,1
DA:26,1
DA:27,1
DA:28,1
DA:29,1
DA:30,1
DA:31,1
DA:48,18
DA:50,18
DA:52,17
DA:54,16
DA:57,15
DA:59,15
DA:62,15
DA:64,15
DA:66,15
DA:76,5
DA:77,5
DA:78,2
DA:79,1
DA:80,1
DA:81,1
DA:82,1
DA:85,1
DA:86,1
DA:98,6
DA:100,6
DA:101,6
DA:112,6
DA:114,6
DA:115,6
DA:116,6
LF:32
LH:32
BRDA:48,1,0,18
BRDA:48,1,1,0
BRDA:50,2,0,17
BRDA:50,2,1,1
BRDA:52,3,0,16
BRDA:52,3,1,1
BRDA:54,4,0,15
BRDA:54,4,1,1
BRDA:77,5,0,2
BRDA:77,5,1,3
BRDA:78,6,0,1
BRDA:78,6,1,1
BRDA:82,7,0,0
BRDA:82,7,1,1
BRDA:112,8,0,6
BRDA:112,8,1,0
BRF:16
BRH:13
end_of_record
TN:
SF:/Users/trantho/Code/SmartContract/digital-contracts/src/contracts/BBFreelancerPayment.sol
FN:24,acceptPayment
FN:41,rejectPayment
FN:53,claimePayment
FN:69,checkPayment
FN:80,finalizeDispute
FNF:5
FNH:5
FNDA:1,acceptPayment
FNDA:4,rejectPayment
FNDA:1,claimePayment
FNDA:1,checkPayment
FNDA:2,finalizeDispute
DA:26,1
DA:27,1
DA:28,1
DA:29,1
DA:30,1
DA:31,1
DA:33,1
DA:34,1
DA:43,4
DA:44,4
DA:45,4
DA:55,1
DA:56,1
DA:57,1
DA:58,1
DA:60,1
DA:61,1
DA:62,1
DA:63,1
DA:70,1
DA:71,1
DA:72,1
DA:73,1
DA:81,2
DA:82,2
DA:84,2
DA:85,2
DA:86,2
DA:87,2
DA:88,2
DA:89,2
DA:90,2
DA:91,2
DA:92,2
DA:93,2
LF:35
LH:35
BRDA:26,1,0,1
BRDA:26,1,1,0
BRDA:27,2,0,1
BRDA:27,2,1,0
BRDA:28,3,0,1
BRDA:28,3,1,0
BRDA:33,4,0,1
BRDA:33,4,1,0
BRDA:43,5,0,4
BRDA:43,5,1,0
BRDA:55,6,0,1
BRDA:55,6,1,0
BRDA:58,7,0,1
BRDA:58,7,1,0
BRDA:62,8,0,1
BRDA:62,8,1,0
BRDA:81,9,0,2
BRDA:81,9,1,0
BRDA:82,10,0,2
BRDA:82,10,1,0
BRDA:85,11,0,2
BRDA:85,11,1,0
BRDA:89,12,0,2
BRDA:89,12,1,0
BRDA:91,13,0,2
BRDA:91,13,1,0
BRF:26
BRH:13
end_of_record
TN:
SF:/Users/trantho/Code/SmartContract/digital-contracts/src/contracts/BBLib.sol
FN:9,toB32
FN:12,toB32
FN:15,toB32
FN:18,toB32
FN:21,toB32
FN:24,toB32
FN:27,toB32
FN:30,toB32
FN:33,toB32
FN:36,toB32
FN:39,toB32
FN:42,toB32
FN:45,toB32
FN:48,toB32
FN:51,bytesToBytes32
FNF:15
FNH:12
FNDA:9,toB32
FNDA:286,toB32
FNDA:29,toB32
FNDA:14,toB32
FNDA:4,toB32
FNDA:2,toB32
FNDA:42,toB32
FNDA:0,toB32
FNDA:0,toB32
FNDA:0,toB32
FNDA:14,toB32
FNDA:13,toB32
FNDA:14,toB32
FNDA:27,toB32
FNDA:4,bytesToBytes32
DA:10,9
DA:13,286
DA:16,29
DA:19,14
DA:22,4
DA:25,2
DA:28,42
DA:31,0
DA:34,0
DA:37,0
DA:40,14
DA:43,13
DA:46,14
DA:49,27
DA:52,4
DA:54,4
DA:55,97
DA:57,3
LF:18
LH:15
BRF:0
BRH:0
end_of_record
TN:
SF:/Users/trantho/Code/SmartContract/digital-contracts/src/contracts/BBParams.sol
FN:7,setFreelancerParams
FN:12,getFreelancerParams
FN:16,setVotingParams
FN:41,getVotingParams
FNF:4
FNH:4
FNDA:1,setFreelancerParams
FNDA:1,getFreelancerParams
FNDA:3,setVotingParams
FNDA:1,getVotingParams
DA:8,1
DA:9,1
DA:13,1
DA:19,3
DA:20,3
DA:21,3
DA:22,2
DA:23,2
DA:24,2
DA:25,2
DA:26,2
DA:27,2
DA:28,2
DA:30,2
DA:31,2
DA:32,2
DA:33,2
DA:34,2
DA:35,2
DA:36,2
DA:37,2
DA:38,2
DA:42,1
LF:23
LH:23
BRDA:8,1,0,1
BRDA:8,1,1,0
BRDA:19,2,0,3
BRDA:19,2,1,0
BRDA:20,3,0,3
BRDA:20,3,1,0
BRDA:21,4,0,2
BRDA:21,4,1,1
BRDA:22,5,0,2
BRDA:22,5,1,0
BRDA:23,6,0,2
BRDA:23,6,1,0
BRDA:24,7,0,2
BRDA:24,7,1,0
BRDA:25,8,0,2
BRDA:25,8,1,0
BRDA:26,9,0,2
BRDA:26,9,1,0
BRDA:27,10,0,2
BRDA:27,10,1,0
BRDA:28,11,0,2
BRDA:28,11,1,0
BRF:22
BRH:12
end_of_record
TN:
SF:/Users/trantho/Code/SmartContract/digital-contracts/src/contracts/BBPoll.sol
FN:9,setPayment
FN:17,canCreatePoll
FN:22,isDisputeJob
FN:27,isAgaintsPoll
FN:30,getPollID
FN:38,finalizePoll
FN:87,getPoll
FN:108,startPoll
FN:155,againstPoll
FNF:9
FNH:9
FNDA:1,setPayment
FNDA:7,canCreatePoll
FNDA:8,isDisputeJob
FNDA:1,isAgaintsPoll
FNDA:10,getPollID
FNDA:1,finalizePoll
FNDA:2,getPoll
FNDA:4,startPoll
FNDA:4,againstPoll
DA:10,1
DA:18,7
DA:19,7
DA:20,7
DA:23,8
DA:24,8
DA:25,8
DA:28,1
DA:31,10
DA:40,1
DA:41,1
DA:42,1
DA:43,1
DA:44,1
DA:46,1
DA:49,1
DA:51,1
DA:53,1
DA:55,1
DA:57,0
DA:58,0
DA:59,0
DA:60,0
DA:61,0
DA:62,0
DA:64,0
DA:66,0
DA:67,0
DA:70,0
DA:72,0
DA:74,0
DA:77,1
DA:88,2
DA:89,2
DA:90,2
DA:91,2
DA:92,2
DA:93,2
DA:94,2
DA:95,2
DA:96,0
DA:98,2
DA:100,2
DA:110,4
DA:111,3
DA:112,2
DA:115,2
DA:116,2
DA:117,2
DA:118,2
DA:119,2
DA:120,2
DA:121,2
DA:123,2
DA:125,2
DA:127,2
DA:129,2
DA:130,2
DA:133,2
DA:134,2
DA:135,2
DA:137,2
DA:140,2
DA:141,2
DA:142,2
DA:143,2
DA:145,2
DA:147,2
DA:157,4
DA:158,4
DA:159,3
DA:161,3
DA:162,3
DA:163,3
DA:164,2
DA:166,2
DA:167,2
DA:168,2
DA:170,2
DA:171,2
LF:80
LH:67
BRDA:41,1,0,1
BRDA:41,1,1,0
BRDA:43,2,0,1
BRDA:43,2,1,0
BRDA:44,3,0,1
BRDA:44,3,1,0
BRDA:49,4,0,1
BRDA:49,4,1,0
BRDA:53,5,0,1
BRDA:53,5,1,0
BRDA:55,6,0,1
BRDA:55,6,1,0
BRDA:57,7,0,0
BRDA:57,7,1,0
BRDA:62,8,0,0
BRDA:62,8,1,0
BRDA:66,9,0,0
BRDA:66,9,1,0
BRDA:67,10,0,0
BRDA:67,10,1,0
BRDA:72,11,0,0
BRDA:72,11,1,0
BRDA:74,12,0,0
BRDA:74,12,1,0
BRDA:95,13,0,0
BRDA:95,13,1,2
BRDA:110,14,0,3
BRDA:110,14,1,1
BRDA:111,15,0,2
BRDA:111,15,1,1
BRDA:112,16,0,2
BRDA:112,16,1,0
BRDA:117,17,0,2
BRDA:117,17,1,0
BRDA:119,18,0,2
BRDA:119,18,1,0
BRDA:121,19,0,2
BRDA:121,19,1,0
BRDA:130,20,0,2
BRDA:130,20,1,0
BRDA:158,21,0,3
BRDA:158,21,1,1
BRDA:159,22,0,3
BRDA:159,22,1,0
BRDA:162,23,0,3
BRDA:162,23,1,0
BRDA:163,24,0,2
BRDA:163,24,1,1
BRDA:164,25,0,2
BRDA:164,25,1,0
BRDA:167,26,0,2
BRDA:167,26,1,0
BRF:52
BRH:24
end_of_record
TN:
SF:/Users/trantho/Code/SmartContract/digital-contracts/src/contracts/BBStandard.sol
FN:17,setStorage
FN:23,getStorage
FN:31,setBBO
FN:39,withdrawTokens
FNF:4
FNH:3
FNDA:15,setStorage
FNDA:1,getStorage
FNDA:15,setBBO
FNDA:0,withdrawTokens
DA:18,15
DA:24,1
DA:32,15
DA:40,0
DA:41,0
DA:43,0
DA:44,0
LF:7
LH:3
BRDA:40,1,0,0
BRDA:40,1,1,0
BRDA:43,2,0,0
BRDA:43,2,1,0
BRDA:44,3,0,0
BRDA:44,3,1,0
BRF:6
BRH:0
end_of_record
TN:
SF:/Users/trantho/Code/SmartContract/digital-contracts/src/contracts/BBStorage.sol
FN:31,onlyAdminStorage
FN:41,addAdmin
FN:51,removeAdmin
FN:61,getAddress
FN:66,getUint
FN:71,getString
FN:76,getBytes
FN:81,getBool
FN:86,getInt
FN:95,setAddress
FN:100,setUint
FN:105,setString
FN:110,setBytes
FN:115,setBool
FN:120,setInt
FN:128,deleteAddress
FN:133,deleteUint
FN:138,deleteString
FN:143,deleteBytes
FN:148,deleteBool
FN:153,deleteInt
FNF:21
FNH:21
FNDA:229,onlyAdminStorage
FNDA:25,addAdmin
FNDA:2,removeAdmin
FNDA:164,getAddress
FNDA:233,getUint
FNDA:2,getString
FNDA:22,getBytes
FNDA:51,getBool
FNDA:2,getInt
FNDA:45,setAddress
FNDA:159,setUint
FNDA:1,setString
FNDA:12,setBytes
FNDA:5,setBool
FNDA:1,setInt
FNDA:1,deleteAddress
FNDA:1,deleteUint
FNDA:1,deleteString
FNDA:1,deleteBytes
FNDA:1,deleteBool
FNDA:1,deleteInt
DA:33,229
DA:34,229
DA:42,25
DA:43,25
DA:45,23
DA:52,2
DA:53,2
DA:55,1
DA:62,164
DA:67,233
DA:72,2
DA:77,22
DA:82,51
DA:87,2
DA:96,45
DA:101,159
DA:106,1
DA:111,12
DA:116,5
DA:121,1
DA:129,1
DA:134,1
DA:139,1
DA:144,1
DA:149,1
DA:154,1
LF:26
LH:26
BRDA:33,1,0,229
BRDA:33,1,1,0
BRDA:42,2,0,25
BRDA:42,2,1,0
BRDA:43,3,0,23
BRDA:43,3,1,2
BRDA:52,4,0,2
BRDA:52,4,1,0
BRDA:53,5,0,1
BRDA:53,5,1,1
BRF:10
BRH:7
end_of_record
TN:
SF:/Users/trantho/Code/SmartContract/digital-contracts/src/contracts/BBVoting.sol
FN:20,getPollID
FN:23,isDisputeJob
FN:29,isAgaintsPoll
FN:33,setBBOReward
FN:41,requestVotingRights
FN:53,withdrawVotingRights
FN:64,checkBalance
FN:72,commitVote
FN:103,checkHash
FN:115,revealVote
FN:143,claimReward
FN:158,calcReward
FNF:12
FNH:8
FNDA:16,getPollID
FNDA:7,isDisputeJob
FNDA:7,isAgaintsPoll
FNDA:0,setBBOReward
FNDA:3,requestVotingRights
FNDA:0,withdrawVotingRights
FNDA:0,checkBalance
FNDA:3,commitVote
FNDA:0,checkHash
FNDA:4,revealVote
FNDA:1,claimReward
FNDA:1,calcReward
DA:21,16
DA:24,7
DA:25,7
DA:26,7
DA:27,7
DA:30,7
DA:34,0
DA:42,3
DA:43,3
DA:44,3
DA:45,2
DA:46,2
DA:55,0
DA:56,0
DA:57,0
DA:58,0
DA:59,0
DA:60,0
DA:61,0
DA:65,0
DA:75,3
DA:76,3
DA:77,3
DA:78,3
DA:79,3
DA:80,3
DA:81,3
DA:82,3
DA:84,3
DA:86,3
DA:87,3
DA:88,2
DA:90,2
DA:92,2
DA:93,2
DA:94,2
DA:104,0
DA:105,0
DA:106,0
DA:107,0
DA:118,4
DA:119,4
DA:120,4
DA:121,4
DA:123,4
DA:124,4
DA:126,4
DA:128,4
DA:129,4
DA:130,3
DA:131,1
DA:133,1
DA:135,1
DA:136,1
DA:144,1
DA:145,1
DA:146,1
DA:147,1
DA:148,0
DA:150,0
DA:151,0
DA:159,1
DA:160,1
DA:161,1
DA:162,0
DA:163,0
DA:164,0
DA:165,0
DA:166,0
DA:168,0
DA:171,0
LF:71
LH:48
BRDA:25,1,0,7
BRDA:25,1,1,0
BRDA:26,2,0,7
BRDA:26,2,1,0
BRDA:42,3,0,3
BRDA:42,3,1,0
BRDA:44,4,0,2
BRDA:44,4,1,1
BRDA:56,5,0,0
BRDA:56,5,1,0
BRDA:57,6,0,0
BRDA:57,6,1,0
BRDA:58,7,0,0
BRDA:58,7,1,0
BRDA:60,8,0,0
BRDA:60,8,1,0
BRDA:78,9,0,3
BRDA:78,9,1,0
BRDA:79,10,0,3
BRDA:79,10,1,0
BRDA:80,11,0,3
BRDA:80,11,1,0
BRDA:81,12,0,3
BRDA:81,12,1,0
BRDA:82,13,0,3
BRDA:82,13,1,0
BRDA:84,14,0,3
BRDA:84,14,1,0
BRDA:87,15,0,2
BRDA:87,15,1,1
BRDA:90,16,0,2
BRDA:90,16,1,0
BRDA:119,17,0,4
BRDA:119,17,1,0
BRDA:120,18,0,4
BRDA:120,18,1,0
BRDA:121,19,0,4
BRDA:121,19,1,0
BRDA:126,20,0,4
BRDA:126,20,1,0
BRDA:130,21,0,1
BRDA:130,21,1,2
BRDA:145,22,0,1
BRDA:145,22,1,0
BRDA:146,23,0,1
BRDA:146,23,1,0
BRDA:148,24,0,0
BRDA:148,24,1,0
BRDA:151,25,0,0
BRDA:151,25,1,0
BRDA:161,26,0,0
BRDA:161,26,1,1
BRDA:163,27,0,0
BRDA:163,27,1,0
BRF:54
BRH:23
end_of_record
TN:
SF:/Users/trantho/Code/SmartContract/digital-contracts/src/contracts/BigbomDigitalContract.sol
FN:26,setStorage
FN:32,getStorage
FN:37,userIsOwnerSign
FN:43,isUniqueAddress
FN:62,verifyBBODocument
FN:74,getAddressesByDocHash
FN:97,getDocuments
FN:119,createAndSignBBODocument
FN:161,setDocToAddress
FN:176,signBBODocument
FNF:10
FNH:10
FNDA:1,setStorage
FNDA:1,getStorage
FNDA:4,userIsOwnerSign
FNDA:1,isUniqueAddress
FNDA:3,verifyBBODocument
FNDA:1,getAddressesByDocHash
FNDA:1,getDocuments
FNDA:1,createAndSignBBODocument
FNDA:2,setDocToAddress
FNDA:2,signBBODocument
DA:27,1
DA:34,1
DA:38,4
DA:39,3
DA:44,1
DA:46,1
DA:48,1
DA:49,1
DA:51,0
DA:54,1
DA:63,3
DA:64,3
DA:76,1
DA:77,1
DA:78,1
DA:79,1
DA:80,2
DA:81,1
DA:83,1
DA:85,2
DA:87,1
DA:99,1
DA:100,1
DA:101,1
DA:102,1
DA:103,1
DA:104,1
DA:105,1
DA:107,1
DA:124,1
DA:126,1
DA:129,1
DA:132,1
DA:136,1
DA:138,1
DA:140,1
DA:142,1
DA:144,1
DA:147,1
DA:148,1
DA:150,1
DA:152,1
DA:163,2
DA:164,2
DA:166,2
DA:168,2
DA:180,2
DA:182,2
DA:184,2
DA:186,2
DA:187,2
LF:51
LH:50
BRDA:38,1,0,3
BRDA:38,1,1,1
BRDA:46,2,0,1
BRDA:46,2,1,0
BRDA:48,3,0,1
BRDA:48,3,1,0
BRDA:80,4,0,1
BRDA:80,4,1,1
BRDA:124,5,0,1
BRDA:124,5,1,0
BRDA:126,6,0,1
BRDA:126,6,1,0
BRDA:129,7,0,1
BRDA:129,7,1,0
BRDA:132,8,0,1
BRDA:132,8,1,0
BRDA:180,9,0,2
BRDA:180,9,1,0
BRDA:182,10,0,2
BRDA:182,10,1,0
BRDA:184,11,0,2
BRDA:184,11,1,0
BRF:22
BRH:13
end_of_record
